Using pre-set license
Built from '2020.3/staging' branch; Version is '2020.3.48f1 (b805b124c6b7) revision 12060081'; Using compiler version '192528614'; Build Type 'Release'
OS: 'Windows 11  (10.0.22621) 64bit CoreSingleLanguage' Language: 'en' Physical Memory: 16182 MB
BatchMode: 1, IsHumanControllingUs: 0, StartBugReporterOnCrash: 0, Is64bit: 1, IsPro: 0

COMMAND LINE ARGUMENTS:
C:\Program Files\Unity\Hub\Editor\2020.3.48f1\Editor\Unity.exe
-adb2
-batchMode
-noUpm
-name
AssetImportWorker0
-projectPath
C:/Users/Shahd Osman/Documents/Summer '23/Assignment4_Unity/Assignment4_Unity_ShahdOsman
-logFile
Logs/AssetImportWorker0.log
-srvPort
53890
Successfully changed project path to: C:/Users/Shahd Osman/Documents/Summer '23/Assignment4_Unity/Assignment4_Unity_ShahdOsman
C:/Users/Shahd Osman/Documents/Summer '23/Assignment4_Unity/Assignment4_Unity_ShahdOsman
Using Asset Import Pipeline V2.
Player connection [10644] Host "[IP] 192.168.1.2 [Port] 3221443104 [Flags] 2 [Guid] 333984277 [EditorId] 333984277 [Version] 1048832 [Id] WindowsEditor(7,LAPTOP-I471VSUV) [Debug] 1 [PackageName] WindowsEditor [ProjectName] Editor" joined multi-casting on [225.0.0.222:54997]...

Player connection [10644] Host "[IP] 192.168.1.2 [Port] 3221443104 [Flags] 2 [Guid] 333984277 [EditorId] 333984277 [Version] 1048832 [Id] WindowsEditor(7,LAPTOP-I471VSUV) [Debug] 1 [PackageName] WindowsEditor [ProjectName] Editor" joined alternative multi-casting on [225.0.0.222:34997]...

Refreshing native plugins compatible for Editor in 186.88 ms, found 5 plugins.
Preloading 2 native plugins for Editor in 24.46 ms.
Initialize engine version: 2020.3.48f1 (b805b124c6b7)
[Subsystems] Discovering subsystems at path C:/Program Files/Unity/Hub/Editor/2020.3.48f1/Editor/Data/Resources/UnitySubsystems
[Subsystems] Discovering subsystems at path C:/Users/Shahd Osman/Documents/Summer '23/Assignment4_Unity/Assignment4_Unity_ShahdOsman/Assets
GfxDevice: creating device client; threaded=0
Direct3D:
    Version:  Direct3D 11.0 [level 11.1]
    Renderer: Microsoft Basic Render Driver (ID=0x8c)
    Vendor:   
    VRAM:     8091 MB
Initialize mono
Mono path[0] = 'C:/Program Files/Unity/Hub/Editor/2020.3.48f1/Editor/Data/Managed'
Mono path[1] = 'C:/Program Files/Unity/Hub/Editor/2020.3.48f1/Editor/Data/MonoBleedingEdge/lib/mono/unityjit'
Mono config path = 'C:/Program Files/Unity/Hub/Editor/2020.3.48f1/Editor/Data/MonoBleedingEdge/etc'
Using monoOptions --debugger-agent=transport=dt_socket,embedding=1,server=y,suspend=n,address=127.0.0.1:56460
Begin MonoManager ReloadAssembly
Registering precompiled unity dll's ...
Register platform support module: C:/Program Files/Unity/Hub/Editor/2020.3.48f1/Editor/Data/PlaybackEngines/WindowsStandaloneSupport/UnityEditor.WindowsStandalone.Extensions.dll
Registered in 0.005511 seconds.
Native extension for WindowsStandalone target not found
Refreshing native plugins compatible for Editor in 133.82 ms, found 5 plugins.
Preloading 2 native plugins for Editor in 0.30 ms.
Mono: successfully reloaded assembly
- Completed reload, in  2.702 seconds
Domain Reload Profiling:
	ReloadAssembly (2703ms)
		BeginReloadAssembly (290ms)
			ExecutionOrderSort (0ms)
			DisableScriptedObjects (0ms)
			BackupInstance (0ms)
			ReleaseScriptingObjects (0ms)
			CreateAndSetChildDomain (2ms)
		EndReloadAssembly (2026ms)
			LoadAssemblies (287ms)
			RebuildTransferFunctionScriptingTraits (0ms)
			SetupTypeCache (856ms)
			ReleaseScriptCaches (0ms)
			RebuildScriptCaches (104ms)
			SetupLoadedEditorAssemblies (664ms)
				LogAssemblyErrors (0ms)
				InitializePlatformSupportModulesInManaged (11ms)
				SetLoadedEditorAssemblies (0ms)
				RefreshPlugins (134ms)
				BeforeProcessingInitializeOnLoad (46ms)
				ProcessInitializeOnLoadAttributes (326ms)
				ProcessInitializeOnLoadMethodAttributes (134ms)
				AfterProcessingInitializeOnLoad (0ms)
				EditorAssembliesLoaded (12ms)
			ExecutionOrderSort2 (0ms)
			AwakeInstancesAfterBackupRestoration (0ms)
Platform modules already initialized, skipping
Registering precompiled user dll's ...
Registered in 0.053723 seconds.
Begin MonoManager ReloadAssembly
Native extension for WindowsStandalone target not found
Refreshing native plugins compatible for Editor in 0.62 ms, found 5 plugins.
Preloading 2 native plugins for Editor in 0.18 ms.
Mono: successfully reloaded assembly
- Completed reload, in  1.604 seconds
Domain Reload Profiling:
	ReloadAssembly (1605ms)
		BeginReloadAssembly (231ms)
			ExecutionOrderSort (0ms)
			DisableScriptedObjects (10ms)
			BackupInstance (0ms)
			ReleaseScriptingObjects (0ms)
			CreateAndSetChildDomain (27ms)
		EndReloadAssembly (1278ms)
			LoadAssemblies (150ms)
			RebuildTransferFunctionScriptingTraits (0ms)
			SetupTypeCache (421ms)
			ReleaseScriptCaches (1ms)
			RebuildScriptCaches (93ms)
			SetupLoadedEditorAssemblies (505ms)
				LogAssemblyErrors (0ms)
				InitializePlatformSupportModulesInManaged (6ms)
				SetLoadedEditorAssemblies (1ms)
				RefreshPlugins (1ms)
				BeforeProcessingInitializeOnLoad (109ms)
				ProcessInitializeOnLoadAttributes (366ms)
				ProcessInitializeOnLoadMethodAttributes (13ms)
				AfterProcessingInitializeOnLoad (9ms)
				EditorAssembliesLoaded (0ms)
			ExecutionOrderSort2 (0ms)
			AwakeInstancesAfterBackupRestoration (3ms)
Platform modules already initialized, skipping
========================================================================
Worker process is ready to serve import requests
Launched and connected shader compiler UnityShaderCompiler.exe after 0.07 seconds
Refreshing native plugins compatible for Editor in 0.69 ms, found 5 plugins.
Preloading 2 native plugins for Editor in 0.18 ms.
Unloading 1381 Unused Serialized files (Serialized files now loaded: 0)
System memory in use before: 72.4 MB.
System memory in use after: 72.5 MB.

Unloading 39 unused Assets to reduce memory usage. Loaded Objects now: 2116.
Total: 3.551700 ms (FindLiveObjects: 0.201500 ms CreateObjectMapping: 0.074600 ms MarkObjects: 3.149400 ms  DeleteObjects: 0.124800 ms)

AssetImportParameters requested are different than current active one (requested -> active):
  custom:framework-win-MediaFoundation: 216162199b28c13a410421893ffa2e32 -> 
  custom:video-decoder-ogg-theora: a1e56fd34408186e4bbccfd4996cb3dc -> 
  custom:container-muxer-webm: aa71ff27fc2769a1b78a27578f13a17b -> 
  custom:container-demuxer-webm: 4f35f7cbe854078d1ac9338744f61a02 -> 
  custom:container-demuxer-ogg: 62fdf1f143b41e24485cea50d1cbac27 -> 
  custom:video-encoder-webm-vp8: eb34c28f22e8b96e1ab97ce403110664 -> 
  custom:video-decoder-webm-vp8: 9c59270c3fd7afecdb556c50c9e8de78 -> 
  custom:audio-decoder-ogg-vorbis: bf7c407c2cedff20999df2af8eb42d56 -> 
  custom:audio-encoder-webm-vorbis: bf7c407c2cedff20999df2af8eb42d56 -> 
========================================================================
Received Import Request.
  path: Assets/Common/Icons
  artifactKey: Guid(6907c1cb917d04a8f9c6ce4fe3c7c3df) Importer(815301076,1909f56bfc062723c751e8b465ee728b)
Start importing Assets/Common/Icons using Guid(6907c1cb917d04a8f9c6ce4fe3c7c3df) Importer(815301076,1909f56bfc062723c751e8b465ee728b)  -> (artifact id: 'bd3c8cef8e8b008ebf2cbc79a933796f') in 0.017637 seconds 
========================================================================
Received Import Request.
  Time since last request: 0.000477 seconds.
  path: Assets/Resources
  artifactKey: Guid(07063b9e251267d41b6167686c622596) Importer(815301076,1909f56bfc062723c751e8b465ee728b)
Start importing Assets/Resources using Guid(07063b9e251267d41b6167686c622596) Importer(815301076,1909f56bfc062723c751e8b465ee728b)  -> (artifact id: 'fd983398ca58266264b289c0238cf282') in 0.014245 seconds 
========================================================================
Received Import Request.
  Time since last request: 0.000448 seconds.
  path: Assets/Common
  artifactKey: Guid(5282af35dff52844e865ef549ab18cb1) Importer(815301076,1909f56bfc062723c751e8b465ee728b)
Start importing Assets/Common using Guid(5282af35dff52844e865ef549ab18cb1) Importer(815301076,1909f56bfc062723c751e8b465ee728b)  -> (artifact id: 'd19e9d10430081f5dc575007e461276d') in 0.029668 seconds 
